\BOOKMARK [0][-]{chapter.1}{\376\377\016\032\016\027\016\031\016\063}{}% 1
\BOOKMARK [1][-]{section.1.1}{\376\377\016\027\016\065\016\110\016\041\016\062\016\101\016\045\016\060\016\004\016\047\016\062\016\041\016\052\016\063\016\004\016\061\016\015\016\002\016\055\016\007\016\102\016\004\016\043\016\007\016\007\016\062\016\031\000\040\000\050\000B\000a\000c\000k\000g\000r\000o\000u\000n\000d\000\040\000a\000n\000d\000\040\000S\000i\000g\000n\000i\000f\000i\000c\000a\000n\000c\000e\000\051}{chapter.1}% 2
\BOOKMARK [1][-]{section.1.2}{\376\377\016\047\016\061\016\025\016\026\016\070\016\033\016\043\016\060\016\052\016\007\016\004\016\114\016\002\016\055\016\007\016\102\016\004\016\043\016\007\016\007\016\062\016\031\000\040\000\050\000O\000b\000j\000e\000c\000t\000i\000v\000e\000s\000\051}{chapter.1}% 3
\BOOKMARK [1][-]{section.1.3}{\376\377\016\002\016\055\016\032\016\100\016\002\016\025\016\002\016\055\016\007\016\102\016\004\016\043\016\007\016\007\016\062\016\031\000\040\000\050\000S\000c\000o\000p\000e\000\051}{chapter.1}% 4
\BOOKMARK [2][-]{subsection.1.3.1}{\376\377\016\052\016\110\016\047\016\031\016\002\016\055\016\007\016\034\016\071\016\111\016\024\016\071\016\101\016\045\016\043\016\060\016\032\016\032\000\040\000\050\000A\000d\000m\000i\000n\000i\000s\000t\000r\000a\000t\000o\000r\000\051}{section.1.3}% 5
\BOOKMARK [2][-]{subsection.1.3.2}{\376\377\016\052\016\110\016\047\016\031\016\002\016\055\016\007\016\052\016\041\016\062\016\012\016\064\016\001\000\040\000\050\000M\000e\000m\000b\000e\000r\000\051}{section.1.3}% 6
\BOOKMARK [1][-]{section.1.4}{\376\377\016\100\016\033\016\111\016\062\016\053\016\041\016\062\016\042\016\002\016\055\016\007\016\102\016\004\016\043\016\007\016\007\016\062\016\031\000\040\000\050\000G\000o\000a\000l\000s\000\051}{chapter.1}% 7
\BOOKMARK [1][-]{section.1.5}{\376\377\016\033\016\043\016\060\016\102\016\042\016\012\016\031\016\114\016\027\016\065\016\110\016\004\016\062\016\024\016\047\016\110\016\062\016\010\016\060\016\104\016\024\016\111\016\043\016\061\016\032\000\040\000\050\000E\000x\000p\000e\000c\000t\000e\000d\000\040\000B\000e\000n\000e\000f\000i\000t\000s\000\051}{chapter.1}% 8
\BOOKMARK [0][-]{chapter.2}{\376\377\016\001\016\062\016\043\016\047\016\064\016\100\016\004\016\043\016\062\016\060\016\053\016\114\016\101\016\045\016\060\016\055\016\055\016\001\016\101\016\032\016\032\016\043\016\060\016\032\016\032}{}% 9
\BOOKMARK [1][-]{section.2.1}{\376\377\016\052\016\026\016\062\016\033\016\061\016\025\016\042\016\001\016\043\016\043\016\041\016\043\016\060\016\032\016\032\000\040\000\050\000S\000y\000s\000t\000e\000m\000\040\000A\000r\000c\000h\000i\000t\000e\000c\000t\000u\000r\000e\000\051}{chapter.2}% 10
\BOOKMARK [2][-]{subsection.2.1.1}{\376\377\016\040\016\062\016\036\016\043\016\047\016\041\016\052\016\026\016\062\016\033\016\061\016\025\016\042\016\001\016\043\016\043\016\041\000\040\000\050\000A\000r\000c\000h\000i\000t\000e\000c\000t\000u\000r\000e\000\040\000O\000v\000e\000r\000v\000i\000e\000w\000\051}{section.2.1}% 11
\BOOKMARK [1][-]{section.2.2}{\376\377\016\004\016\047\016\062\016\041\016\025\016\111\016\055\016\007\016\001\016\062\016\043\016\002\016\055\016\007\016\043\016\060\016\032\016\032\000\040\000\050\000S\000y\000s\000t\000e\000m\000\040\000R\000e\000q\000u\000i\000r\000e\000m\000e\000n\000t\000s\000\051}{chapter.2}% 12
\BOOKMARK [2][-]{subsection.2.2.1}{\376\377\016\004\016\047\016\062\016\041\016\025\016\111\016\055\016\007\016\001\016\062\016\043\016\037\016\061\016\007\016\001\016\114\016\012\016\061\016\031\016\001\016\062\016\043\016\027\016\063\016\007\016\062\016\031\000\040\000\050\000F\000u\000n\000c\000t\000i\000o\000n\000a\000l\000\040\000R\000e\000q\000u\000i\000r\000e\000m\000e\000n\000t\000s\000\051}{section.2.2}% 13
\BOOKMARK [2][-]{subsection.2.2.2}{\376\377\016\004\016\047\016\062\016\041\016\025\016\111\016\055\016\007\016\001\016\062\016\043\016\027\016\065\016\110\016\104\016\041\016\110\016\103\016\012\016\110\016\037\016\061\016\007\016\001\016\114\016\012\016\061\016\031\016\001\016\062\016\043\016\027\016\063\016\007\016\062\016\031\000\040\000\050\000N\000o\000n\000-\000F\000u\000n\000c\000t\000i\000o\000n\000a\000l\000\040\000R\000e\000q\000u\000i\000r\000e\000m\000e\000n\000t\000s\000\051}{section.2.2}% 14
\BOOKMARK [0][-]{chapter.3}{\376\377\000E\000R\000\040\000D\000i\000a\000g\000r\000a\000m}{}% 15
\BOOKMARK [1][-]{section.3.1}{\376\377\016\004\016\063\016\055\016\030\016\064\016\032\016\062\016\042\000\040\000E\000R\000\040\000D\000i\000a\000g\000r\000a\000m}{chapter.3}% 16
\BOOKMARK [1][-]{section.3.2}{\376\377\016\043\016\062\016\042\016\045\016\060\016\100\016\055\016\065\016\042\016\024\016\025\016\062\016\043\016\062\016\007\000\040\000\050\000T\000a\000b\000l\000e\000\040\000S\000c\000h\000e\000m\000a\000\051}{chapter.3}% 17
\BOOKMARK [2][-]{subsection.3.2.1}{\376\377\016\025\016\062\016\043\016\062\016\007\000\040\000C\000u\000s\000t\000o\000m\000e\000r\000s\000\040\000\050\016\002\016\111\016\055\016\041\016\071\016\045\016\052\016\041\016\062\016\012\016\064\016\001\000\051}{section.3.2}% 18
\BOOKMARK [2][-]{subsection.3.2.2}{\376\377\016\025\016\062\016\043\016\062\016\007\000\040\000T\000r\000a\000i\000n\000e\000r\000s\000\040\000\050\016\002\016\111\016\055\016\041\016\071\016\045\016\100\016\027\016\043\016\031\016\100\016\031\016\055\016\043\016\114\000\051}{section.3.2}% 19
\BOOKMARK [2][-]{subsection.3.2.3}{\376\377\016\025\016\062\016\043\016\062\016\007\000\040\000G\000y\000m\000E\000q\000u\000i\000p\000m\000e\000n\000t\000s\000\040\000\050\016\002\016\111\016\055\016\041\016\071\016\045\016\055\016\070\016\033\016\001\016\043\016\023\016\114\000\051}{section.3.2}% 20
\BOOKMARK [2][-]{subsection.3.2.4}{\376\377\016\025\016\062\016\043\016\062\016\007\000\040\000T\000r\000a\000i\000n\000i\000n\000g\000S\000e\000s\000s\000i\000o\000n\000s\000\040\000\050\016\025\016\062\016\043\016\062\016\007\016\001\016\062\016\043\016\035\016\066\016\001\016\013\016\111\016\055\016\041\000\051}{section.3.2}% 21
\BOOKMARK [0][-]{chapter.4}{\376\377\016\025\016\062\016\043\016\062\016\007\000\040\000D\000a\000t\000a\000b\000a\000s\000e}{}% 22
\BOOKMARK [1][-]{section.4.1}{\376\377\000D\000a\000t\000a\000b\000a\000s\000e\000\040\000\050\016\020\016\062\016\031\016\002\016\111\016\055\016\041\016\071\016\045\000\051}{chapter.4}% 23
\BOOKMARK [2][-]{subsection.4.1.1}{\376\377\016\040\016\062\016\036\016\043\016\047\016\041\016\020\016\062\016\031\016\002\016\111\016\055\016\041\016\071\016\045\000\040\000\050\000D\000a\000t\000a\000b\000a\000s\000e\000\040\000O\000v\000e\000r\000v\000i\000e\000w\000\051}{section.4.1}% 24
\BOOKMARK [2][-]{subsection.4.1.2}{\376\377\016\001\016\062\016\043\016\100\016\012\016\067\016\110\016\055\016\041\016\025\016\110\016\055\016\020\016\062\016\031\016\002\016\111\016\055\016\041\016\071\016\045\000\040\000\050\000D\000a\000t\000a\000b\000a\000s\000e\000\040\000C\000o\000n\000n\000e\000c\000t\000i\000o\000n\000\051}{section.4.1}% 25
\BOOKMARK [2][-]{subsection.4.1.3}{\376\377\000d\000b\000.\000j\000s}{section.4.1}% 26
\BOOKMARK [2][-]{subsection.4.1.4}{\376\377\000s\000c\000h\000e\000m\000a\000.\000s\000q\000l}{section.4.1}% 27
\BOOKMARK [1][-]{section.4.2}{\376\377\016\036\016\010\016\031\016\062\016\031\016\070\016\001\016\043\016\041\016\002\016\111\016\055\016\041\016\071\016\045\000\040\000\050\000D\000a\000t\000a\000\040\000D\000i\000c\000t\000i\000o\000n\000a\000r\000y\000\051}{chapter.4}% 28
\BOOKMARK [2][-]{subsection.4.2.1}{\376\377\016\025\016\062\016\043\016\062\016\007\000:\000\040\000C\000u\000s\000t\000o\000m\000e\000r\000s}{section.4.2}% 29
\BOOKMARK [2][-]{subsection.4.2.2}{\376\377\016\025\016\062\016\043\016\062\016\007\000:\000\040\000T\000r\000a\000i\000n\000e\000r\000s}{section.4.2}% 30
\BOOKMARK [2][-]{subsection.4.2.3}{\376\377\016\025\016\062\016\043\016\062\016\007\000:\000\040\000G\000y\000m\000E\000q\000u\000i\000p\000m\000e\000n\000t\000s}{section.4.2}% 31
\BOOKMARK [2][-]{subsection.4.2.4}{\376\377\016\025\016\062\016\043\016\062\016\007\000:\000\040\000T\000r\000a\000i\000n\000i\000n\000g\000S\000e\000s\000s\000i\000o\000n\000s}{section.4.2}% 32
\BOOKMARK [0][-]{chapter.5}{\376\377\016\001\016\062\016\043\016\103\016\012\016\111\016\007\016\062\016\031\016\100\016\047\016\107\016\032}{}% 33
\BOOKMARK [1][-]{section.5.1}{\376\377\016\052\016\110\016\047\016\031\016\034\016\071\016\111\016\103\016\012\016\111\016\007\016\062\016\031\016\027\016\061\016\110\016\047\016\104\016\033\000\040\000\050\000P\000u\000b\000l\000i\000c\000\040\000S\000e\000c\000t\000i\000o\000n\000\051}{chapter.5}% 34
\BOOKMARK [2][-]{subsection.5.1.1}{\376\377\016\001\016\062\016\043\016\103\016\012\016\111\016\007\016\062\016\031\016\053\016\031\016\111\016\062\016\100\016\002\016\111\016\062\016\052\016\071\016\110\016\043\016\060\016\032\016\032\000\040\000\050\000L\000o\000g\000i\000n\000\040\000P\000a\000g\000e\000\051}{section.5.1}% 35
\BOOKMARK [2][-]{subsection.5.1.2}{\376\377\016\001\016\062\016\043\016\103\016\012\016\111\016\007\016\062\016\031\016\053\016\031\016\111\016\062\016\045\016\007\016\027\016\060\016\100\016\032\016\065\016\042\016\031\000\040\000\050\000R\000e\000g\000i\000s\000t\000e\000r\000\040\000P\000a\000g\000e\000\051}{section.5.1}% 36
\BOOKMARK [1][-]{section.5.2}{\376\377\016\052\016\110\016\047\016\031\016\052\016\041\016\062\016\012\016\064\016\001\000\040\000\050\000M\000e\000m\000b\000e\000r\000\040\000S\000e\000c\000t\000i\000o\000n\000\051}{chapter.5}% 37
\BOOKMARK [2][-]{subsection.5.2.1}{\376\377\016\001\016\062\016\043\016\103\016\012\016\111\016\007\016\062\016\031\016\053\016\031\016\111\016\062\016\101\016\024\016\012\016\032\016\055\016\043\016\114\016\024\016\052\016\041\016\062\016\012\016\064\016\001\000\040\000\050\000U\000s\000e\000r\000\040\000D\000a\000s\000h\000b\000o\000a\000r\000d\000\051}{section.5.2}% 38
\BOOKMARK [2][-]{subsection.5.2.2}{\376\377\016\001\016\062\016\043\016\103\016\012\016\111\016\007\016\062\016\031\016\053\016\031\016\111\016\062\016\002\016\111\016\055\016\041\016\071\016\045\016\052\016\110\016\047\016\031\016\025\016\061\016\047\000\040\000\050\000M\000y\000\040\000P\000r\000o\000f\000i\000l\000e\000\051}{section.5.2}% 39
\BOOKMARK [1][-]{section.5.3}{\376\377\016\052\016\110\016\047\016\031\016\034\016\071\016\111\016\024\016\071\016\101\016\045\016\043\016\060\016\032\016\032\000\040\000\050\000A\000d\000m\000i\000n\000\040\000S\000e\000c\000t\000i\000o\000n\000\051}{chapter.5}% 40
\BOOKMARK [2][-]{subsection.5.3.1}{\376\377\016\001\016\062\016\043\016\103\016\012\016\111\016\007\016\062\016\031\016\053\016\031\016\111\016\062\016\101\016\024\016\012\016\032\016\055\016\043\016\114\016\024\016\034\016\071\016\111\016\024\016\071\016\101\016\045\016\043\016\060\016\032\016\032\000\040\000\050\000A\000d\000m\000i\000n\000\040\000D\000a\000s\000h\000b\000o\000a\000r\000d\000\051}{section.5.3}% 41
\BOOKMARK [2][-]{subsection.5.3.2}{\376\377\016\001\016\062\016\043\016\010\016\061\016\024\016\001\016\062\016\043\016\002\016\111\016\055\016\041\016\071\016\045\016\045\016\071\016\001\016\004\016\111\016\062\000\040\000\050\000C\000u\000s\000t\000o\000m\000e\000r\000\040\000M\000a\000n\000a\000g\000e\000m\000e\000n\000t\000\051}{section.5.3}% 42
\BOOKMARK [2][-]{subsection.5.3.3}{\376\377\016\001\016\062\016\043\016\010\016\061\016\024\016\001\016\062\016\043\016\002\016\111\016\055\016\041\016\071\016\045\016\100\016\027\016\043\016\031\016\100\016\031\016\055\016\043\016\114\000\040\000\050\000T\000r\000a\000i\000n\000e\000r\000\040\000M\000a\000n\000a\000g\000e\000m\000e\000n\000t\000\051}{section.5.3}% 43
\BOOKMARK [2][-]{subsection.5.3.4}{\376\377\016\001\016\062\016\043\016\010\016\061\016\024\016\001\016\062\016\043\016\055\016\070\016\033\016\001\016\043\016\023\016\114\000\040\000\050\000E\000q\000u\000i\000p\000m\000e\000n\000t\000\040\000M\000a\000n\000a\000g\000e\000m\000e\000n\000t\000\051}{section.5.3}% 44
\BOOKMARK [2][-]{subsection.5.3.5}{\376\377\016\001\016\062\016\043\016\010\016\061\016\024\016\001\016\062\016\043\016\025\016\062\016\043\016\062\016\007\016\035\016\066\016\001\016\013\016\111\016\055\016\041\000\040\000\050\000S\000e\000s\000s\000i\000o\000n\000\040\000M\000a\000n\000a\000g\000e\000m\000e\000n\000t\000\051}{section.5.3}% 45
\BOOKMARK [2][-]{subsection.5.3.6}{\376\377\016\001\016\062\016\043\016\024\016\071\016\032\016\061\016\031\016\027\016\066\016\001\016\043\016\060\016\032\016\032\000\040\000\050\000S\000y\000s\000t\000e\000m\000\040\000L\000o\000g\000s\000\051}{section.5.3}% 46
\BOOKMARK [1][-]{section.5.4}{\376\377\016\037\016\065\016\100\016\010\016\055\016\043\016\114\016\103\016\053\016\041\016\110\016\101\016\045\016\060\016\001\016\062\016\043\016\103\016\012\016\111\016\007\016\062\016\031\016\100\016\036\016\064\016\110\016\041\016\100\016\025\016\064\016\041\000\040\000\050\000N\000e\000w\000\040\000F\000e\000a\000t\000u\000r\000e\000s\000\040\000\046\000\040\000U\000s\000a\000g\000e\000\051}{chapter.5}% 47
\BOOKMARK [2][-]{subsection.5.4.1}{\376\377\016\001\016\062\016\043\016\103\016\012\016\111\016\007\016\062\016\031\016\102\016\053\016\041\016\024\016\041\016\067\016\024\000\040\000\050\000D\000a\000r\000k\000\040\000M\000o\000d\000e\000\051}{section.5.4}% 48
\BOOKMARK [2][-]{subsection.5.4.2}{\376\377\016\001\016\062\016\043\016\036\016\064\016\041\016\036\016\114\016\043\016\062\016\042\016\007\016\062\016\031\000\040\000\050\000P\000r\000i\000n\000t\000a\000b\000l\000e\000\040\000R\000e\000p\000o\000r\000t\000\051}{section.5.4}% 49
\BOOKMARK [2][-]{subsection.5.4.3}{\376\377\016\001\016\062\016\043\016\004\016\111\016\031\016\053\016\062\016\101\016\045\016\060\016\101\016\032\016\110\016\007\016\053\016\031\016\111\016\062\016\002\016\111\016\055\016\041\016\071\016\045\000\040\000\050\000S\000e\000a\000r\000c\000h\000\040\000\046\000\040\000P\000a\000g\000i\000n\000a\000t\000i\000o\000n\000\051}{section.5.4}% 50
\BOOKMARK [0][-]{chapter.6}{\376\377\016\055\016\030\016\064\016\032\016\062\016\042\016\102\016\004\016\111\016\024}{}% 51
\BOOKMARK [1][-]{section.6.1}{\376\377\000B\000a\000c\000k\000e\000n\000d\000\040\000\050\016\043\016\060\016\032\016\032\016\053\016\045\016\061\016\007\016\032\016\111\016\062\016\031\000\051}{chapter.6}% 52
\BOOKMARK [2][-]{subsection.6.1.1}{\376\377\000s\000e\000r\000v\000e\000r\000.\000j\000s}{section.6.1}% 53
\BOOKMARK [1][-]{section.6.2}{\376\377\016\037\016\065\016\100\016\010\016\055\016\043\016\114\016\100\016\036\016\064\016\110\016\041\016\100\016\025\016\064\016\041\000\040\000\050\000A\000d\000d\000i\000t\000i\000o\000n\000a\000l\000\040\000F\000e\000a\000t\000u\000r\000e\000s\000\051}{chapter.6}% 54
\BOOKMARK [2][-]{subsection.6.2.1}{\376\377\016\001\016\062\016\043\016\004\016\111\016\031\016\053\016\062\016\101\016\045\016\060\016\101\016\032\016\110\016\007\016\053\016\031\016\111\016\062\000\040\000\050\000S\000e\000a\000r\000c\000h\000\040\000\046\000\040\000P\000a\000g\000i\000n\000a\000t\000i\000o\000n\000\051\000\040\000-\000\040\016\052\016\110\016\047\016\031\000\040\000B\000a\000c\000k\000e\000n\000d}{section.6.2}% 55
\BOOKMARK [2][-]{subsection.6.2.2}{\376\377\000V\000a\000l\000i\000d\000a\000t\000i\000o\000n\000\040\000M\000i\000d\000d\000l\000e\000w\000a\000r\000e}{section.6.2}% 56
\BOOKMARK [2][-]{subsection.6.2.3}{\376\377\016\001\016\062\016\043\016\100\016\012\016\067\016\110\016\055\016\041\016\025\016\110\016\055\016\020\016\062\016\031\016\002\016\111\016\055\016\041\016\071\016\045\000\040\000\050\000D\000a\000t\000a\000b\000a\000s\000e\000\040\000C\000o\000n\000n\000e\000c\000t\000i\000o\000n\000\040\000-\000\040\000d\000b\000.\000j\000s\000\051}{section.6.2}% 57
\BOOKMARK [2][-]{subsection.6.2.4}{\376\377\000A\000P\000I\000\040\000E\000n\000d\000p\000o\000i\000n\000t\000s\000\040\000\050\000s\000e\000r\000v\000e\000r\000.\000j\000s\000\051}{section.6.2}% 58
\BOOKMARK [1][-]{section.6.3}{\376\377\000F\000r\000o\000n\000t\000e\000n\000d\000\040\000\050\016\043\016\060\016\032\016\032\016\053\016\031\016\111\016\062\016\032\016\111\016\062\016\031\000\051}{chapter.6}% 59
\BOOKMARK [2][-]{subsection.6.3.1}{\376\377\000f\000r\000o\000n\000t\000e\000n\000d\000/\000s\000e\000r\000v\000e\000r\000.\000j\000s}{section.6.3}% 60
\BOOKMARK [2][-]{subsection.6.3.2}{\376\377\000f\000r\000o\000n\000t\000e\000n\000d\000/\000i\000n\000d\000e\000x\000.\000j\000s}{section.6.3}% 61
\BOOKMARK [2][-]{subsection.6.3.3}{\376\377\000f\000r\000o\000n\000t\000e\000n\000d\000/\000j\000s\000/\000c\000o\000n\000f\000i\000g\000.\000j\000s}{section.6.3}% 62
\BOOKMARK [2][-]{subsection.6.3.4}{\376\377\000f\000r\000o\000n\000t\000e\000n\000d\000/\000j\000s\000/\000a\000u\000t\000h\000.\000j\000s}{section.6.3}% 63
\BOOKMARK [2][-]{subsection.6.3.5}{\376\377\000f\000r\000o\000n\000t\000e\000n\000d\000/\000j\000s\000/\000u\000s\000e\000r\000/\000d\000a\000s\000h\000b\000o\000a\000r\000d\000.\000j\000s}{section.6.3}% 64
\BOOKMARK [2][-]{subsection.6.3.6}{\376\377\016\104\016\037\016\045\016\114\000\040\000f\000r\000o\000n\000t\000e\000n\000d\000/\000v\000i\000e\000w\000s\000/\000i\000n\000d\000e\000x\000.\000e\000j\000s}{section.6.3}% 65
\BOOKMARK [2][-]{subsection.6.3.7}{\376\377\016\104\016\037\016\045\016\114\000\040\000f\000r\000o\000n\000t\000e\000n\000d\000/\000v\000i\000e\000w\000s\000/\000l\000o\000g\000i\000n\000.\000e\000j\000s}{section.6.3}% 66
\BOOKMARK [2][-]{subsection.6.3.8}{\376\377\016\104\016\037\016\045\016\114\000\040\000f\000r\000o\000n\000t\000e\000n\000d\000/\000v\000i\000e\000w\000s\000/\000r\000e\000g\000i\000s\000t\000e\000r\000.\000e\000j\000s}{section.6.3}% 67
\BOOKMARK [2][-]{subsection.6.3.9}{\376\377\016\104\016\037\016\045\016\114\000\040\000f\000r\000o\000n\000t\000e\000n\000d\000/\000v\000i\000e\000w\000s\000/\000c\000u\000s\000t\000o\000m\000e\000r\000s\000.\000e\000j\000s}{section.6.3}% 68
\BOOKMARK [2][-]{subsection.6.3.10}{\376\377\016\104\016\037\016\045\016\114\000\040\000f\000r\000o\000n\000t\000e\000n\000d\000/\000v\000i\000e\000w\000s\000/\000e\000q\000u\000i\000p\000m\000e\000n\000t\000s\000.\000e\000j\000s}{section.6.3}% 69
\BOOKMARK [2][-]{subsection.6.3.11}{\376\377\016\104\016\037\016\045\016\114\000\040\000f\000r\000o\000n\000t\000e\000n\000d\000/\000v\000i\000e\000w\000s\000/\000t\000r\000a\000i\000n\000e\000r\000s\000.\000e\000j\000s}{section.6.3}% 70
\BOOKMARK [2][-]{subsection.6.3.12}{\376\377\016\104\016\037\016\045\016\114\000\040\000f\000r\000o\000n\000t\000e\000n\000d\000/\000v\000i\000e\000w\000s\000/\000s\000e\000s\000s\000i\000o\000n\000s\000.\000e\000j\000s}{section.6.3}% 71
\BOOKMARK [2][-]{subsection.6.3.13}{\376\377\016\104\016\037\016\045\016\114\000\040\000f\000r\000o\000n\000t\000e\000n\000d\000/\000v\000i\000e\000w\000s\000/\000l\000o\000g\000s\000.\000e\000j\000s}{section.6.3}% 72
\BOOKMARK [2][-]{subsection.6.3.14}{\376\377\016\104\016\037\016\045\016\114\000\040\000f\000r\000o\000n\000t\000e\000n\000d\000/\000v\000i\000e\000w\000s\000/\000u\000s\000e\000r\000/\000d\000a\000s\000h\000b\000o\000a\000r\000d\000.\000e\000j\000s}{section.6.3}% 73
\BOOKMARK [2][-]{subsection.6.3.15}{\376\377\016\104\016\037\016\045\016\114\000\040\000f\000r\000o\000n\000t\000e\000n\000d\000/\000v\000i\000e\000w\000s\000/\000u\000s\000e\000r\000/\000p\000r\000o\000f\000i\000l\000e\000.\000e\000j\000s}{section.6.3}% 74
\BOOKMARK [1][-]{section.6.4}{\376\377\016\037\016\065\016\100\016\010\016\055\016\043\016\114\016\100\016\036\016\064\016\110\016\041\016\100\016\025\016\064\016\041\000\040\000\050\000A\000d\000d\000i\000t\000i\000o\000n\000a\000l\000\040\000F\000e\000a\000t\000u\000r\000e\000s\000\051}{chapter.6}% 75
\BOOKMARK [2][-]{subsection.6.4.1}{\376\377\000D\000a\000r\000k\000\040\000M\000o\000d\000e\000\040\000\050\016\102\016\053\016\041\016\024\016\041\016\067\016\024\000\051}{section.6.4}% 76
\BOOKMARK [2][-]{subsection.6.4.2}{\376\377\016\043\016\062\016\042\016\007\016\062\016\031\016\036\016\043\016\111\016\055\016\041\016\036\016\064\016\041\016\036\016\114\000\040\000\050\000P\000r\000i\000n\000t\000a\000b\000l\000e\000\040\000R\000e\000p\000o\000r\000t\000\051}{section.6.4}% 77
\BOOKMARK [2][-]{subsection.6.4.3}{\376\377\016\001\016\062\016\043\016\004\016\111\016\031\016\053\016\062\016\101\016\045\016\060\016\101\016\032\016\110\016\007\016\053\016\031\016\111\016\062\000\040\000\050\000S\000e\000a\000r\000c\000h\000\040\000\046\000\040\000P\000a\000g\000i\000n\000a\000t\000i\000o\000n\000\051\000\040\000-\000\040\016\052\016\110\016\047\016\031\000\040\000F\000r\000o\000n\000t\000e\000n\000d}{section.6.4}% 78
\BOOKMARK [0][-]{chapter.7}{\376\377\016\052\016\043\016\070\016\033}{}% 79
\BOOKMARK [1][-]{section.7.1}{\376\377\016\052\016\043\016\070\016\033\016\034\016\045\016\001\016\062\016\043\016\024\016\063\016\100\016\031\016\064\016\031\016\007\016\062\016\031}{chapter.7}% 80
\BOOKMARK [2][-]{subsection.7.1.1}{\376\377\016\052\016\043\016\070\016\033\016\040\016\062\016\036\016\043\016\047\016\041\016\002\016\055\016\007\016\043\016\060\016\032\016\032\000\040\000\050\000S\000y\000s\000t\000e\000m\000\040\000O\000v\000e\000r\000v\000i\000e\000w\000\040\000S\000u\000m\000m\000a\000r\000y\000\051}{section.7.1}% 81
\BOOKMARK [2][-]{subsection.7.1.2}{\376\377\016\034\016\045\016\001\016\062\016\043\016\036\016\061\016\022\016\031\016\062\016\043\016\060\016\032\016\032\000\040\000\050\000D\000e\000v\000e\000l\000o\000p\000m\000e\000n\000t\000\040\000A\000c\000h\000i\000e\000v\000e\000m\000e\000n\000t\000s\000\051}{section.7.1}% 82
\BOOKMARK [2][-]{subsection.7.1.3}{\376\377\016\033\016\061\016\015\016\053\016\062\016\101\016\045\016\060\016\002\016\111\016\055\016\010\016\063\016\001\016\061\016\024\000\040\000\050\000L\000i\000m\000i\000t\000a\000t\000i\000o\000n\000s\000\040\000a\000n\000d\000\040\000C\000h\000a\000l\000l\000e\000n\000g\000e\000s\000\051}{section.7.1}% 83
\BOOKMARK [2][-]{subsection.7.1.4}{\376\377\016\101\016\031\016\047\016\027\016\062\016\007\016\103\016\031\016\001\016\062\016\043\016\036\016\061\016\022\016\031\016\062\016\025\016\110\016\055\016\042\016\055\016\024\000\040\000\050\000F\000u\000t\000u\000r\000e\000\040\000W\000o\000r\000k\000\051}{section.7.1}% 84
